2020-10-31 09:31:44,624 [Worker-2: Loading available Gradle versions] INFO  o.e.b.c.i.u.g.PublishedGradleVersions - Gradle version information cache is up-to-date. Trying to read.
2020-10-31 09:32:55,947 [Worker-5: 入門コンテンツのインポート] INFO  o.e.m.c.i.l.LifecycleMappingFactory - Using org.eclipse.m2e.jdt.JarLifecycleMapping lifecycle mapping for MavenProject: com.example:Demo1:0.0.1-SNAPSHOT @ /Users/daisuke/Desktop/workplace/SpringBootPractice/Demo1/pom.xml.
2020-10-31 09:33:01,442 [Worker-5: 入門コンテンツのインポート] INFO  o.e.m.j.i.AbstractJavaProjectConfigurator - Adding source folder /Demo1/src/main/java
2020-10-31 09:33:01,443 [Worker-5: 入門コンテンツのインポート] INFO  o.e.m.j.i.AbstractJavaProjectConfigurator - Adding resource folder /Demo1/src/main/resources
2020-10-31 09:33:01,446 [Worker-5: 入門コンテンツのインポート] INFO  o.e.m.j.i.AbstractJavaProjectConfigurator - Adding resource folder /Demo1/src/main/resources
2020-10-31 09:33:01,455 [Worker-5: 入門コンテンツのインポート] INFO  o.e.m.j.i.AbstractJavaProjectConfigurator - Adding source folder /Demo1/src/test/java
2020-10-31 09:33:15,740 [Worker-5: 入門コンテンツのインポート] INFO  o.e.m.c.i.p.ProjectConfigurationManager - Imported and configured 1 project(s) in 28 sec
2020-10-31 09:33:15,767 [Worker-5: 入門コンテンツのインポート] INFO  o.e.m.c.i.p.ProjectConfigurationManager - Update started
2020-10-31 09:33:19,336 [Worker-5: 入門コンテンツのインポート] INFO  o.e.m.c.i.l.LifecycleMappingFactory - Using org.eclipse.m2e.jdt.JarLifecycleMapping lifecycle mapping for MavenProject: com.example:Demo1:0.0.1-SNAPSHOT @ /Users/daisuke/Desktop/workplace/SpringBootPractice/Demo1/pom.xml.
2020-10-31 09:33:21,328 [Worker-5: 入門コンテンツのインポート] INFO  o.e.m.j.i.AbstractJavaProjectConfigurator - Adding source folder /Demo1/src/main/java
2020-10-31 09:33:21,329 [Worker-5: 入門コンテンツのインポート] INFO  o.e.m.j.i.AbstractJavaProjectConfigurator - Adding resource folder /Demo1/src/main/resources
2020-10-31 09:33:21,332 [Worker-5: 入門コンテンツのインポート] INFO  o.e.m.j.i.AbstractJavaProjectConfigurator - Adding resource folder /Demo1/src/main/resources
2020-10-31 09:33:21,334 [Worker-5: 入門コンテンツのインポート] INFO  o.e.m.j.i.AbstractJavaProjectConfigurator - Adding source folder /Demo1/src/test/java
2020-10-31 09:33:24,670 [Worker-5: 入門コンテンツのインポート] INFO  o.e.m.c.i.p.ProjectConfigurationManager - Update completed: 8 sec
2020-10-31 09:33:25,275 [Worker-7: Maven プロジェクトの更新中] INFO  o.e.m.c.i.p.ProjectConfigurationManager - Update started
2020-10-31 09:33:28,422 [Worker-7: Maven プロジェクトの更新中] INFO  o.e.m.c.i.l.LifecycleMappingFactory - Using org.eclipse.m2e.jdt.JarLifecycleMapping lifecycle mapping for MavenProject: com.example:Demo1:0.0.1-SNAPSHOT @ /Users/daisuke/Desktop/workplace/SpringBootPractice/Demo1/pom.xml.
2020-10-31 09:33:32,254 [Worker-7: Maven プロジェクトの更新中] INFO  o.e.m.j.i.AbstractJavaProjectConfigurator - Adding source folder /Demo1/src/main/java
2020-10-31 09:33:32,254 [Worker-7: Maven プロジェクトの更新中] INFO  o.e.m.j.i.AbstractJavaProjectConfigurator - Adding resource folder /Demo1/src/main/resources
2020-10-31 09:33:32,255 [Worker-7: Maven プロジェクトの更新中] INFO  o.e.m.j.i.AbstractJavaProjectConfigurator - Adding resource folder /Demo1/src/main/resources
2020-10-31 09:33:32,255 [Worker-7: Maven プロジェクトの更新中] INFO  o.e.m.j.i.AbstractJavaProjectConfigurator - Adding source folder /Demo1/src/test/java
2020-10-31 09:33:33,361 [Worker-7: Maven プロジェクトの更新中] INFO  o.e.m.c.i.p.ProjectConfigurationManager - Update completed: 8 sec
2020-10-31 09:33:35,207 [Worker-1: Maven 依存関係の更新中] INFO  o.e.m.c.i.l.LifecycleMappingFactory - Using org.eclipse.m2e.jdt.JarLifecycleMapping lifecycle mapping for MavenProject: com.example:Demo1:0.0.1-SNAPSHOT @ /Users/daisuke/Desktop/workplace/SpringBootPractice/Demo1/pom.xml.
2020-10-31 09:33:36,486 [Worker-2: ビルド] INFO  o.e.m.c.i.embedder.EclipseLogger - Using 'UTF-8' encoding to copy filtered resources.
2020-10-31 09:33:36,496 [Worker-2: ビルド] INFO  o.e.m.c.i.embedder.EclipseLogger - Copying 1 resource
2020-10-31 09:33:36,523 [Worker-2: ビルド] INFO  o.e.m.c.i.embedder.EclipseLogger - Copying 0 resource
2020-10-31 09:33:36,529 [Worker-2: ビルド] INFO  o.e.m.c.i.embedder.EclipseLogger - Using 'UTF-8' encoding to copy filtered resources.
2020-10-31 09:33:36,529 [Worker-2: ビルド] INFO  o.e.m.c.i.embedder.EclipseLogger - skip non existing resourceDirectory /Users/daisuke/Desktop/workplace/SpringBootPractice/Demo1/src/test/resources
